DEB [20210506-23:27:09.744] thr=1   paramiko.transport: starting thread (client mode): 0x4601438L
DEB [20210506-23:27:09.746] thr=1   paramiko.transport: Local version/idstring: SSH-2.0-paramiko_2.7.2
ERR [20210506-23:27:24.845] thr=1   paramiko.transport: Exception: Error reading SSH protocol banner
ERR [20210506-23:27:24.848] thr=1   paramiko.transport: Traceback (most recent call last):
ERR [20210506-23:27:24.848] thr=1   paramiko.transport:   File "C:\Python27\lib\site-packages\paramiko\transport.py", line 2039, in run
ERR [20210506-23:27:24.848] thr=1   paramiko.transport:     self._check_banner()
ERR [20210506-23:27:24.848] thr=1   paramiko.transport:   File "C:\Python27\lib\site-packages\paramiko\transport.py", line 2216, in _check_banner
ERR [20210506-23:27:24.848] thr=1   paramiko.transport:     "Error reading SSH protocol banner" + str(e)
ERR [20210506-23:27:24.848] thr=1   paramiko.transport: SSHException: Error reading SSH protocol banner
ERR [20210506-23:27:24.849] thr=1   paramiko.transport: 
DEB [20210506-23:35:46.750] thr=1   paramiko.transport: starting thread (client mode): 0x3ffdac8L
DEB [20210506-23:35:46.750] thr=1   paramiko.transport: Local version/idstring: SSH-2.0-paramiko_2.7.2
ERR [20210506-23:36:01.765] thr=1   paramiko.transport: Exception: Error reading SSH protocol banner
ERR [20210506-23:36:01.766] thr=1   paramiko.transport: Traceback (most recent call last):
ERR [20210506-23:36:01.766] thr=1   paramiko.transport:   File "C:\Python27\lib\site-packages\paramiko\transport.py", line 2039, in run
ERR [20210506-23:36:01.766] thr=1   paramiko.transport:     self._check_banner()
ERR [20210506-23:36:01.766] thr=1   paramiko.transport:   File "C:\Python27\lib\site-packages\paramiko\transport.py", line 2216, in _check_banner
ERR [20210506-23:36:01.766] thr=1   paramiko.transport:     "Error reading SSH protocol banner" + str(e)
ERR [20210506-23:36:01.766] thr=1   paramiko.transport: SSHException: Error reading SSH protocol banner
ERR [20210506-23:36:01.766] thr=1   paramiko.transport: 
DEB [20210506-23:38:10.676] thr=1   paramiko.transport: starting thread (client mode): 0x4086438L
DEB [20210506-23:38:10.676] thr=1   paramiko.transport: Local version/idstring: SSH-2.0-paramiko_2.7.2
DEB [20210506-23:45:09.369] thr=1   paramiko.transport: starting thread (client mode): 0x4e4f3c8L
DEB [20210506-23:45:09.369] thr=1   paramiko.transport: Local version/idstring: SSH-2.0-paramiko_2.7.2
DEB [20210506-23:45:09.392] thr=1   paramiko.transport: Remote version/idstring: SSH-2.0-OpenSSH_7.1
INF [20210506-23:45:09.392] thr=1   paramiko.transport: Connected (version 2.0, client OpenSSH_7.1)
DEB [20210506-23:45:09.394] thr=1   paramiko.transport: kex algos:[u'curve25519-sha256@libssh.org', u'ecdh-sha2-nistp256', u'ecdh-sha2-nistp384', u'ecdh-sha2-nistp521', u'diffie-hellman-group-exchange-sha256', u'diffie-hellman-group14-sha1'] server key:[u'ssh-rsa', u'ecdsa-sha2-nistp256', u'ssh-ed25519'] client encrypt:[u'chacha20-poly1305@openssh.com', u'aes128-ctr', u'aes192-ctr', u'aes256-ctr', u'aes128-gcm@openssh.com', u'aes256-gcm@openssh.com'] server encrypt:[u'chacha20-poly1305@openssh.com', u'aes128-ctr', u'aes192-ctr', u'aes256-ctr', u'aes128-gcm@openssh.com', u'aes256-gcm@openssh.com'] client mac:[u'umac-64-etm@openssh.com', u'umac-128-etm@openssh.com', u'hmac-sha2-256-etm@openssh.com', u'hmac-sha2-512-etm@openssh.com', u'hmac-sha1-etm@openssh.com', u'umac-64@openssh.com', u'umac-128@openssh.com', u'hmac-sha2-256', u'hmac-sha2-512', u'hmac-sha1'] server mac:[u'umac-64-etm@openssh.com', u'umac-128-etm@openssh.com', u'hmac-sha2-256-etm@openssh.com', u'hmac-sha2-512-etm@openssh.com', u'hmac-sha1-etm@openssh.com', u'umac-64@openssh.com', u'umac-128@openssh.com', u'hmac-sha2-256', u'hmac-sha2-512', u'hmac-sha1'] client compress:[u'none', u'zlib@openssh.com'] server compress:[u'none', u'zlib@openssh.com'] client lang:[u''] server lang:[u''] kex follows?False
DEB [20210506-23:45:09.394] thr=1   paramiko.transport: Kex agreed: curve25519-sha256@libssh.org
DEB [20210506-23:45:09.395] thr=1   paramiko.transport: HostKey agreed: ssh-ed25519
DEB [20210506-23:45:09.395] thr=1   paramiko.transport: Cipher agreed: aes128-ctr
DEB [20210506-23:45:09.397] thr=1   paramiko.transport: MAC agreed: hmac-sha2-256
DEB [20210506-23:45:09.397] thr=1   paramiko.transport: Compression agreed: none
DEB [20210506-23:45:09.428] thr=1   paramiko.transport: kex engine KexCurve25519 specified hash_algo <built-in function openssl_sha256>
DEB [20210506-23:45:09.430] thr=1   paramiko.transport: Switch to new keys ...
DEB [20210506-23:45:09.460] thr=2   paramiko.transport: Adding ssh-ed25519 host key for 169.254.57.15: 96980ade4a250500732e03b015ee4a5b
DEB [20210506-23:45:09.470] thr=1   paramiko.transport: userauth is OK
DEB [20210506-23:45:09.471] thr=1   paramiko.transport: Authentication type (password) not permitted.
DEB [20210506-23:45:09.471] thr=1   paramiko.transport: Allowed methods: [u'publickey', u'keyboard-interactive']
DEB [20210506-23:45:09.474] thr=1   paramiko.transport: userauth is OK
INF [20210506-23:45:09.555] thr=1   paramiko.transport: Authentication (keyboard-interactive) successful!
DEB [20210506-23:45:09.598] thr=1   paramiko.transport: Received global request "hostkeys-00@openssh.com"
DEB [20210506-23:45:09.599] thr=1   paramiko.transport: Rejecting "hostkeys-00@openssh.com" global request from server.
DEB [20210506-23:45:13.042] thr=2   paramiko.transport: [chan 0] Max packet in: 32768 bytes
DEB [20210506-23:45:13.042] thr=1   paramiko.transport: [chan 0] Max packet out: 32768 bytes
DEB [20210506-23:45:13.043] thr=1   paramiko.transport: Secsh channel 0 opened.
DEB [20210506-23:45:13.059] thr=1   paramiko.transport: [chan 0] Sesch channel 0 request ok
DEB [20210506-23:45:13.062] thr=1   paramiko.transport: [chan 0] EOF received (0)
DEB [20210506-23:45:13.062] thr=1   paramiko.transport: [chan 0] EOF sent (0)
DEB [20210506-23:45:43.134] thr=1   paramiko.transport: Received global request "keepalive@openssh.com"
DEB [20210506-23:45:43.134] thr=1   paramiko.transport: Rejecting "keepalive@openssh.com" global request from server.
DEB [20210506-23:48:24.434] thr=1   paramiko.transport: starting thread (client mode): 0x4a3a400L
DEB [20210506-23:48:24.436] thr=1   paramiko.transport: Local version/idstring: SSH-2.0-paramiko_2.7.2
DEB [20210506-23:48:24.470] thr=1   paramiko.transport: Remote version/idstring: SSH-2.0-OpenSSH_7.1
INF [20210506-23:48:24.470] thr=1   paramiko.transport: Connected (version 2.0, client OpenSSH_7.1)
DEB [20210506-23:48:24.474] thr=1   paramiko.transport: kex algos:[u'curve25519-sha256@libssh.org', u'ecdh-sha2-nistp256', u'ecdh-sha2-nistp384', u'ecdh-sha2-nistp521', u'diffie-hellman-group-exchange-sha256', u'diffie-hellman-group14-sha1'] server key:[u'ssh-rsa', u'ecdsa-sha2-nistp256', u'ssh-ed25519'] client encrypt:[u'chacha20-poly1305@openssh.com', u'aes128-ctr', u'aes192-ctr', u'aes256-ctr', u'aes128-gcm@openssh.com', u'aes256-gcm@openssh.com'] server encrypt:[u'chacha20-poly1305@openssh.com', u'aes128-ctr', u'aes192-ctr', u'aes256-ctr', u'aes128-gcm@openssh.com', u'aes256-gcm@openssh.com'] client mac:[u'umac-64-etm@openssh.com', u'umac-128-etm@openssh.com', u'hmac-sha2-256-etm@openssh.com', u'hmac-sha2-512-etm@openssh.com', u'hmac-sha1-etm@openssh.com', u'umac-64@openssh.com', u'umac-128@openssh.com', u'hmac-sha2-256', u'hmac-sha2-512', u'hmac-sha1'] server mac:[u'umac-64-etm@openssh.com', u'umac-128-etm@openssh.com', u'hmac-sha2-256-etm@openssh.com', u'hmac-sha2-512-etm@openssh.com', u'hmac-sha1-etm@openssh.com', u'umac-64@openssh.com', u'umac-128@openssh.com', u'hmac-sha2-256', u'hmac-sha2-512', u'hmac-sha1'] client compress:[u'none', u'zlib@openssh.com'] server compress:[u'none', u'zlib@openssh.com'] client lang:[u''] server lang:[u''] kex follows?False
DEB [20210506-23:48:24.474] thr=1   paramiko.transport: Kex agreed: curve25519-sha256@libssh.org
DEB [20210506-23:48:24.476] thr=1   paramiko.transport: HostKey agreed: ssh-ed25519
DEB [20210506-23:48:24.476] thr=1   paramiko.transport: Cipher agreed: aes128-ctr
DEB [20210506-23:48:24.476] thr=1   paramiko.transport: MAC agreed: hmac-sha2-256
DEB [20210506-23:48:24.476] thr=1   paramiko.transport: Compression agreed: none
DEB [20210506-23:48:24.519] thr=1   paramiko.transport: kex engine KexCurve25519 specified hash_algo <built-in function openssl_sha256>
DEB [20210506-23:48:24.519] thr=1   paramiko.transport: Switch to new keys ...
DEB [20210506-23:48:24.523] thr=2   paramiko.transport: Adding ssh-ed25519 host key for 169.254.57.15: 96980ade4a250500732e03b015ee4a5b
DEB [20210506-23:48:24.559] thr=1   paramiko.transport: userauth is OK
DEB [20210506-23:48:24.562] thr=1   paramiko.transport: Authentication type (password) not permitted.
DEB [20210506-23:48:24.562] thr=1   paramiko.transport: Allowed methods: [u'publickey', u'keyboard-interactive']
DEB [20210506-23:48:24.569] thr=1   paramiko.transport: userauth is OK
INF [20210506-23:48:24.657] thr=1   paramiko.transport: Authentication (keyboard-interactive) successful!
DEB [20210506-23:48:24.710] thr=1   paramiko.transport: Received global request "hostkeys-00@openssh.com"
DEB [20210506-23:48:24.710] thr=1   paramiko.transport: Rejecting "hostkeys-00@openssh.com" global request from server.
DEB [20210506-23:48:54.723] thr=1   paramiko.transport: Received global request "keepalive@openssh.com"
DEB [20210506-23:48:54.724] thr=1   paramiko.transport: Rejecting "keepalive@openssh.com" global request from server.
DEB [20210506-23:49:24.756] thr=1   paramiko.transport: Received global request "keepalive@openssh.com"
DEB [20210506-23:49:24.757] thr=1   paramiko.transport: Rejecting "keepalive@openssh.com" global request from server.
DEB [20210506-23:50:02.938] thr=1   paramiko.transport: starting thread (client mode): 0x4a98400L
DEB [20210506-23:50:02.938] thr=1   paramiko.transport: Local version/idstring: SSH-2.0-paramiko_2.7.2
DEB [20210506-23:50:02.967] thr=1   paramiko.transport: Remote version/idstring: SSH-2.0-OpenSSH_7.1
INF [20210506-23:50:02.967] thr=1   paramiko.transport: Connected (version 2.0, client OpenSSH_7.1)
DEB [20210506-23:50:02.970] thr=1   paramiko.transport: kex algos:[u'curve25519-sha256@libssh.org', u'ecdh-sha2-nistp256', u'ecdh-sha2-nistp384', u'ecdh-sha2-nistp521', u'diffie-hellman-group-exchange-sha256', u'diffie-hellman-group14-sha1'] server key:[u'ssh-rsa', u'ecdsa-sha2-nistp256', u'ssh-ed25519'] client encrypt:[u'chacha20-poly1305@openssh.com', u'aes128-ctr', u'aes192-ctr', u'aes256-ctr', u'aes128-gcm@openssh.com', u'aes256-gcm@openssh.com'] server encrypt:[u'chacha20-poly1305@openssh.com', u'aes128-ctr', u'aes192-ctr', u'aes256-ctr', u'aes128-gcm@openssh.com', u'aes256-gcm@openssh.com'] client mac:[u'umac-64-etm@openssh.com', u'umac-128-etm@openssh.com', u'hmac-sha2-256-etm@openssh.com', u'hmac-sha2-512-etm@openssh.com', u'hmac-sha1-etm@openssh.com', u'umac-64@openssh.com', u'umac-128@openssh.com', u'hmac-sha2-256', u'hmac-sha2-512', u'hmac-sha1'] server mac:[u'umac-64-etm@openssh.com', u'umac-128-etm@openssh.com', u'hmac-sha2-256-etm@openssh.com', u'hmac-sha2-512-etm@openssh.com', u'hmac-sha1-etm@openssh.com', u'umac-64@openssh.com', u'umac-128@openssh.com', u'hmac-sha2-256', u'hmac-sha2-512', u'hmac-sha1'] client compress:[u'none', u'zlib@openssh.com'] server compress:[u'none', u'zlib@openssh.com'] client lang:[u''] server lang:[u''] kex follows?False
DEB [20210506-23:50:02.970] thr=1   paramiko.transport: Kex agreed: curve25519-sha256@libssh.org
DEB [20210506-23:50:02.970] thr=1   paramiko.transport: HostKey agreed: ssh-ed25519
DEB [20210506-23:50:02.970] thr=1   paramiko.transport: Cipher agreed: aes128-ctr
DEB [20210506-23:50:02.971] thr=1   paramiko.transport: MAC agreed: hmac-sha2-256
DEB [20210506-23:50:02.971] thr=1   paramiko.transport: Compression agreed: none
DEB [20210506-23:50:03.006] thr=1   paramiko.transport: kex engine KexCurve25519 specified hash_algo <built-in function openssl_sha256>
DEB [20210506-23:50:03.007] thr=1   paramiko.transport: Switch to new keys ...
DEB [20210506-23:50:03.030] thr=2   paramiko.transport: Adding ssh-ed25519 host key for 169.254.57.15: 96980ade4a250500732e03b015ee4a5b
DEB [20210506-23:50:03.046] thr=1   paramiko.transport: userauth is OK
DEB [20210506-23:50:03.051] thr=1   paramiko.transport: Authentication type (password) not permitted.
DEB [20210506-23:50:03.051] thr=1   paramiko.transport: Allowed methods: [u'publickey', u'keyboard-interactive']
DEB [20210506-23:50:03.061] thr=1   paramiko.transport: userauth is OK
INF [20210506-23:50:03.148] thr=1   paramiko.transport: Authentication (keyboard-interactive) successful!
DEB [20210506-23:50:03.200] thr=1   paramiko.transport: Received global request "hostkeys-00@openssh.com"
DEB [20210506-23:50:03.200] thr=1   paramiko.transport: Rejecting "hostkeys-00@openssh.com" global request from server.
DEB [20210506-23:50:33.194] thr=1   paramiko.transport: Received global request "keepalive@openssh.com"
DEB [20210506-23:50:33.194] thr=1   paramiko.transport: Rejecting "keepalive@openssh.com" global request from server.
DEB [20210506-23:51:03.226] thr=1   paramiko.transport: Received global request "keepalive@openssh.com"
DEB [20210506-23:51:03.227] thr=1   paramiko.transport: Rejecting "keepalive@openssh.com" global request from server.
DEB [20210506-23:51:19.506] thr=1   paramiko.transport: starting thread (client mode): 0x4a03390L
DEB [20210506-23:51:19.507] thr=1   paramiko.transport: Local version/idstring: SSH-2.0-paramiko_2.7.2
DEB [20210506-23:51:19.533] thr=1   paramiko.transport: Remote version/idstring: SSH-2.0-OpenSSH_7.1
INF [20210506-23:51:19.533] thr=1   paramiko.transport: Connected (version 2.0, client OpenSSH_7.1)
DEB [20210506-23:51:19.536] thr=1   paramiko.transport: kex algos:[u'curve25519-sha256@libssh.org', u'ecdh-sha2-nistp256', u'ecdh-sha2-nistp384', u'ecdh-sha2-nistp521', u'diffie-hellman-group-exchange-sha256', u'diffie-hellman-group14-sha1'] server key:[u'ssh-rsa', u'ecdsa-sha2-nistp256', u'ssh-ed25519'] client encrypt:[u'chacha20-poly1305@openssh.com', u'aes128-ctr', u'aes192-ctr', u'aes256-ctr', u'aes128-gcm@openssh.com', u'aes256-gcm@openssh.com'] server encrypt:[u'chacha20-poly1305@openssh.com', u'aes128-ctr', u'aes192-ctr', u'aes256-ctr', u'aes128-gcm@openssh.com', u'aes256-gcm@openssh.com'] client mac:[u'umac-64-etm@openssh.com', u'umac-128-etm@openssh.com', u'hmac-sha2-256-etm@openssh.com', u'hmac-sha2-512-etm@openssh.com', u'hmac-sha1-etm@openssh.com', u'umac-64@openssh.com', u'umac-128@openssh.com', u'hmac-sha2-256', u'hmac-sha2-512', u'hmac-sha1'] server mac:[u'umac-64-etm@openssh.com', u'umac-128-etm@openssh.com', u'hmac-sha2-256-etm@openssh.com', u'hmac-sha2-512-etm@openssh.com', u'hmac-sha1-etm@openssh.com', u'umac-64@openssh.com', u'umac-128@openssh.com', u'hmac-sha2-256', u'hmac-sha2-512', u'hmac-sha1'] client compress:[u'none', u'zlib@openssh.com'] server compress:[u'none', u'zlib@openssh.com'] client lang:[u''] server lang:[u''] kex follows?False
DEB [20210506-23:51:19.536] thr=1   paramiko.transport: Kex agreed: curve25519-sha256@libssh.org
DEB [20210506-23:51:19.536] thr=1   paramiko.transport: HostKey agreed: ssh-ed25519
DEB [20210506-23:51:19.536] thr=1   paramiko.transport: Cipher agreed: aes128-ctr
DEB [20210506-23:51:19.538] thr=1   paramiko.transport: MAC agreed: hmac-sha2-256
DEB [20210506-23:51:19.538] thr=1   paramiko.transport: Compression agreed: none
DEB [20210506-23:51:19.572] thr=1   paramiko.transport: kex engine KexCurve25519 specified hash_algo <built-in function openssl_sha256>
DEB [20210506-23:51:19.575] thr=1   paramiko.transport: Switch to new keys ...
DEB [20210506-23:51:19.595] thr=2   paramiko.transport: Adding ssh-ed25519 host key for 169.254.57.15: 96980ade4a250500732e03b015ee4a5b
DEB [20210506-23:51:19.614] thr=1   paramiko.transport: userauth is OK
DEB [20210506-23:51:19.617] thr=1   paramiko.transport: Authentication type (password) not permitted.
DEB [20210506-23:51:19.617] thr=1   paramiko.transport: Allowed methods: [u'publickey', u'keyboard-interactive']
DEB [20210506-23:51:19.625] thr=1   paramiko.transport: userauth is OK
INF [20210506-23:51:19.710] thr=1   paramiko.transport: Authentication (keyboard-interactive) successful!
DEB [20210506-23:51:19.766] thr=1   paramiko.transport: Received global request "hostkeys-00@openssh.com"
DEB [20210506-23:51:19.766] thr=1   paramiko.transport: Rejecting "hostkeys-00@openssh.com" global request from server.
DEB [20210506-23:51:49.759] thr=1   paramiko.transport: Received global request "keepalive@openssh.com"
DEB [20210506-23:51:49.759] thr=1   paramiko.transport: Rejecting "keepalive@openssh.com" global request from server.
DEB [20210506-23:52:19.790] thr=1   paramiko.transport: Received global request "keepalive@openssh.com"
DEB [20210506-23:52:19.792] thr=1   paramiko.transport: Rejecting "keepalive@openssh.com" global request from server.
DEB [20210506-23:52:49.822] thr=1   paramiko.transport: Received global request "keepalive@openssh.com"
DEB [20210506-23:52:49.823] thr=1   paramiko.transport: Rejecting "keepalive@openssh.com" global request from server.
DEB [20210506-23:53:19.855] thr=1   paramiko.transport: Received global request "keepalive@openssh.com"
DEB [20210506-23:53:19.855] thr=1   paramiko.transport: Rejecting "keepalive@openssh.com" global request from server.
DEB [20210506-23:53:49.885] thr=1   paramiko.transport: Received global request "keepalive@openssh.com"
DEB [20210506-23:53:49.887] thr=1   paramiko.transport: Rejecting "keepalive@openssh.com" global request from server.
DEB [20210506-23:54:19.917] thr=1   paramiko.transport: Received global request "keepalive@openssh.com"
DEB [20210506-23:54:19.918] thr=1   paramiko.transport: Rejecting "keepalive@openssh.com" global request from server.
DEB [20210506-23:54:49.950] thr=1   paramiko.transport: Received global request "keepalive@openssh.com"
DEB [20210506-23:54:49.950] thr=1   paramiko.transport: Rejecting "keepalive@openssh.com" global request from server.
DEB [20210506-23:55:19.983] thr=1   paramiko.transport: Received global request "keepalive@openssh.com"
DEB [20210506-23:55:19.983] thr=1   paramiko.transport: Rejecting "keepalive@openssh.com" global request from server.
DEB [20210506-23:55:50.015] thr=1   paramiko.transport: Received global request "keepalive@openssh.com"
DEB [20210506-23:55:50.016] thr=1   paramiko.transport: Rejecting "keepalive@openssh.com" global request from server.
DEB [20210506-23:56:20.046] thr=1   paramiko.transport: Received global request "keepalive@openssh.com"
DEB [20210506-23:56:20.048] thr=1   paramiko.transport: Rejecting "keepalive@openssh.com" global request from server.
DEB [20210506-23:56:50.078] thr=1   paramiko.transport: Received global request "keepalive@openssh.com"
DEB [20210506-23:56:50.079] thr=1   paramiko.transport: Rejecting "keepalive@openssh.com" global request from server.
DEB [20210506-23:57:20.111] thr=1   paramiko.transport: Received global request "keepalive@openssh.com"
DEB [20210506-23:57:20.112] thr=1   paramiko.transport: Rejecting "keepalive@openssh.com" global request from server.
DEB [20210506-23:57:50.145] thr=1   paramiko.transport: Received global request "keepalive@openssh.com"
DEB [20210506-23:57:50.145] thr=1   paramiko.transport: Rejecting "keepalive@openssh.com" global request from server.
DEB [20210506-23:58:27.470] thr=1   paramiko.transport: starting thread (client mode): 0x3f7d390L
DEB [20210506-23:58:27.470] thr=1   paramiko.transport: Local version/idstring: SSH-2.0-paramiko_2.7.2
DEB [20210506-23:58:27.500] thr=1   paramiko.transport: Remote version/idstring: SSH-2.0-OpenSSH_7.1
INF [20210506-23:58:27.500] thr=1   paramiko.transport: Connected (version 2.0, client OpenSSH_7.1)
DEB [20210506-23:58:27.503] thr=1   paramiko.transport: kex algos:[u'curve25519-sha256@libssh.org', u'ecdh-sha2-nistp256', u'ecdh-sha2-nistp384', u'ecdh-sha2-nistp521', u'diffie-hellman-group-exchange-sha256', u'diffie-hellman-group14-sha1'] server key:[u'ssh-rsa', u'ecdsa-sha2-nistp256', u'ssh-ed25519'] client encrypt:[u'chacha20-poly1305@openssh.com', u'aes128-ctr', u'aes192-ctr', u'aes256-ctr', u'aes128-gcm@openssh.com', u'aes256-gcm@openssh.com'] server encrypt:[u'chacha20-poly1305@openssh.com', u'aes128-ctr', u'aes192-ctr', u'aes256-ctr', u'aes128-gcm@openssh.com', u'aes256-gcm@openssh.com'] client mac:[u'umac-64-etm@openssh.com', u'umac-128-etm@openssh.com', u'hmac-sha2-256-etm@openssh.com', u'hmac-sha2-512-etm@openssh.com', u'hmac-sha1-etm@openssh.com', u'umac-64@openssh.com', u'umac-128@openssh.com', u'hmac-sha2-256', u'hmac-sha2-512', u'hmac-sha1'] server mac:[u'umac-64-etm@openssh.com', u'umac-128-etm@openssh.com', u'hmac-sha2-256-etm@openssh.com', u'hmac-sha2-512-etm@openssh.com', u'hmac-sha1-etm@openssh.com', u'umac-64@openssh.com', u'umac-128@openssh.com', u'hmac-sha2-256', u'hmac-sha2-512', u'hmac-sha1'] client compress:[u'none', u'zlib@openssh.com'] server compress:[u'none', u'zlib@openssh.com'] client lang:[u''] server lang:[u''] kex follows?False
DEB [20210506-23:58:27.505] thr=1   paramiko.transport: Kex agreed: curve25519-sha256@libssh.org
DEB [20210506-23:58:27.505] thr=1   paramiko.transport: HostKey agreed: ssh-ed25519
DEB [20210506-23:58:27.506] thr=1   paramiko.transport: Cipher agreed: aes128-ctr
DEB [20210506-23:58:27.506] thr=1   paramiko.transport: MAC agreed: hmac-sha2-256
DEB [20210506-23:58:27.506] thr=1   paramiko.transport: Compression agreed: none
DEB [20210506-23:58:27.540] thr=1   paramiko.transport: kex engine KexCurve25519 specified hash_algo <built-in function openssl_sha256>
DEB [20210506-23:58:27.542] thr=1   paramiko.transport: Switch to new keys ...
DEB [20210506-23:58:27.558] thr=2   paramiko.transport: Adding ssh-ed25519 host key for 169.254.57.15: 96980ade4a250500732e03b015ee4a5b
DEB [20210506-23:58:27.582] thr=1   paramiko.transport: userauth is OK
DEB [20210506-23:58:27.584] thr=1   paramiko.transport: Authentication type (password) not permitted.
DEB [20210506-23:58:27.585] thr=1   paramiko.transport: Allowed methods: [u'publickey', u'keyboard-interactive']
DEB [20210506-23:58:27.588] thr=1   paramiko.transport: userauth is OK
INF [20210506-23:58:27.676] thr=1   paramiko.transport: Authentication (keyboard-interactive) successful!
DEB [20210506-23:58:27.726] thr=1   paramiko.transport: Received global request "hostkeys-00@openssh.com"
DEB [20210506-23:58:27.726] thr=1   paramiko.transport: Rejecting "hostkeys-00@openssh.com" global request from server.
DEB [20210506-23:58:57.729] thr=1   paramiko.transport: Received global request "keepalive@openssh.com"
DEB [20210506-23:58:57.729] thr=1   paramiko.transport: Rejecting "keepalive@openssh.com" global request from server.
DEB [20210506-23:59:27.759] thr=1   paramiko.transport: Received global request "keepalive@openssh.com"
DEB [20210506-23:59:27.759] thr=1   paramiko.transport: Rejecting "keepalive@openssh.com" global request from server.
DEB [20210507-01:09:15.454] thr=1   paramiko.transport: starting thread (client mode): 0x5171898L
DEB [20210507-01:09:15.457] thr=1   paramiko.transport: Local version/idstring: SSH-2.0-paramiko_2.7.2
DEB [20210507-01:09:15.483] thr=1   paramiko.transport: Remote version/idstring: SSH-2.0-OpenSSH_7.1
INF [20210507-01:09:15.483] thr=1   paramiko.transport: Connected (version 2.0, client OpenSSH_7.1)
DEB [20210507-01:09:15.484] thr=1   paramiko.transport: kex algos:[u'curve25519-sha256@libssh.org', u'ecdh-sha2-nistp256', u'ecdh-sha2-nistp384', u'ecdh-sha2-nistp521', u'diffie-hellman-group-exchange-sha256', u'diffie-hellman-group14-sha1'] server key:[u'ssh-rsa', u'ecdsa-sha2-nistp256', u'ssh-ed25519'] client encrypt:[u'chacha20-poly1305@openssh.com', u'aes128-ctr', u'aes192-ctr', u'aes256-ctr', u'aes128-gcm@openssh.com', u'aes256-gcm@openssh.com'] server encrypt:[u'chacha20-poly1305@openssh.com', u'aes128-ctr', u'aes192-ctr', u'aes256-ctr', u'aes128-gcm@openssh.com', u'aes256-gcm@openssh.com'] client mac:[u'umac-64-etm@openssh.com', u'umac-128-etm@openssh.com', u'hmac-sha2-256-etm@openssh.com', u'hmac-sha2-512-etm@openssh.com', u'hmac-sha1-etm@openssh.com', u'umac-64@openssh.com', u'umac-128@openssh.com', u'hmac-sha2-256', u'hmac-sha2-512', u'hmac-sha1'] server mac:[u'umac-64-etm@openssh.com', u'umac-128-etm@openssh.com', u'hmac-sha2-256-etm@openssh.com', u'hmac-sha2-512-etm@openssh.com', u'hmac-sha1-etm@openssh.com', u'umac-64@openssh.com', u'umac-128@openssh.com', u'hmac-sha2-256', u'hmac-sha2-512', u'hmac-sha1'] client compress:[u'none', u'zlib@openssh.com'] server compress:[u'none', u'zlib@openssh.com'] client lang:[u''] server lang:[u''] kex follows?False
DEB [20210507-01:09:15.486] thr=1   paramiko.transport: Kex agreed: curve25519-sha256@libssh.org
DEB [20210507-01:09:15.486] thr=1   paramiko.transport: HostKey agreed: ssh-ed25519
DEB [20210507-01:09:15.486] thr=1   paramiko.transport: Cipher agreed: aes128-ctr
DEB [20210507-01:09:15.486] thr=1   paramiko.transport: MAC agreed: hmac-sha2-256
DEB [20210507-01:09:15.486] thr=1   paramiko.transport: Compression agreed: none
DEB [20210507-01:09:15.526] thr=1   paramiko.transport: kex engine KexCurve25519 specified hash_algo <built-in function openssl_sha256>
DEB [20210507-01:09:15.526] thr=1   paramiko.transport: Switch to new keys ...
DEB [20210507-01:09:15.536] thr=2   paramiko.transport: Adding ssh-ed25519 host key for 169.254.57.15: 96980ade4a250500732e03b015ee4a5b
DEB [20210507-01:09:15.565] thr=1   paramiko.transport: userauth is OK
DEB [20210507-01:09:15.566] thr=1   paramiko.transport: Authentication type (password) not permitted.
DEB [20210507-01:09:15.566] thr=1   paramiko.transport: Allowed methods: [u'publickey', u'keyboard-interactive']
DEB [20210507-01:09:15.584] thr=1   paramiko.transport: userauth is OK
INF [20210507-01:09:15.671] thr=1   paramiko.transport: Authentication (keyboard-interactive) successful!
DEB [20210507-01:09:15.721] thr=1   paramiko.transport: Received global request "hostkeys-00@openssh.com"
DEB [20210507-01:09:15.721] thr=1   paramiko.transport: Rejecting "hostkeys-00@openssh.com" global request from server.
DEB [20210507-01:09:45.724] thr=1   paramiko.transport: Received global request "keepalive@openssh.com"
DEB [20210507-01:09:45.724] thr=1   paramiko.transport: Rejecting "keepalive@openssh.com" global request from server.
